<?xml version="1.0" encoding="UTF-8"?>
<testng-results skipped="0" failed="0" ignored="0" total="2" passed="2">
  <reporter-output>
  </reporter-output>
  <suite name="Suite" duration-ms="72027" started-at="2019-01-17T08:06:24Z" finished-at="2019-01-17T08:07:36Z">
    <groups>
    </groups>
    <test name="Test" duration-ms="72027" started-at="2019-01-17T08:06:24Z" finished-at="2019-01-17T08:07:36Z">
      <class name="com.kerb.test.Scenarios.RouteToFindSpace_LeaseSpace_Bookings">
        <test-method status="PASS" signature="initialization()[pri:0, instance:com.kerb.test.Scenarios.RouteToFindSpace_LeaseSpace_Bookings@73ad2d6]" name="initialization" is-config="true" duration-ms="19483" started-at="2019-01-17T08:07:00Z" finished-at="2019-01-17T08:07:20Z">
          <reporter-output>
          </reporter-output>
        </test-method> <!-- initialization -->
        <test-method status="PASS" signature="routeToFindSpace_LeaseSpace_Bookings()[pri:0, instance:com.kerb.test.Scenarios.RouteToFindSpace_LeaseSpace_Bookings@73ad2d6]" name="routeToFindSpace_LeaseSpace_Bookings" duration-ms="15554" started-at="2019-01-17T08:07:20Z" finished-at="2019-01-17T08:07:35Z">
          <reporter-output>
          </reporter-output>
        </test-method> <!-- routeToFindSpace_LeaseSpace_Bookings -->
        <test-method status="PASS" signature="closeApplication(org.testng.ITestResult)[pri:0, instance:com.kerb.test.Scenarios.RouteToFindSpace_LeaseSpace_Bookings@73ad2d6]" name="closeApplication" is-config="true" duration-ms="614" started-at="2019-01-17T08:07:35Z" finished-at="2019-01-17T08:07:36Z">
          <params>
            <param index="0">
              <value>
                <![CDATA[[TestResult name=routeToFindSpace_LeaseSpace_Bookings status=SUCCESS method=RouteToFindSpace_LeaseSpace_Bookings.routeToFindSpace_LeaseSpace_Bookings()[pri:0, instance:com.kerb.test.Scenarios.RouteToFindSpace_LeaseSpace_Bookings@73ad2d6] output={null}]]]>
              </value>
            </param>
          </params>
          <reporter-output>
          </reporter-output>
        </test-method> <!-- closeApplication -->
      </class> <!-- com.kerb.test.Scenarios.RouteToFindSpace_LeaseSpace_Bookings -->
      <class name="com.kerb.test.Scenarios.HomePageTest">
        <test-method status="PASS" signature="initialization()[pri:0, instance:com.kerb.test.Scenarios.HomePageTest@3fee9989]" name="initialization" is-config="true" duration-ms="29896" started-at="2019-01-17T08:06:24Z" finished-at="2019-01-17T08:06:54Z">
          <reporter-output>
          </reporter-output>
        </test-method> <!-- initialization -->
        <test-method status="PASS" signature="HomeTest()[pri:0, instance:com.kerb.test.Scenarios.HomePageTest@3fee9989]" name="HomeTest" duration-ms="5826" started-at="2019-01-17T08:06:54Z" finished-at="2019-01-17T08:07:00Z">
          <reporter-output>
          </reporter-output>
        </test-method> <!-- HomeTest -->
        <test-method status="PASS" signature="closeApplication(org.testng.ITestResult)[pri:0, instance:com.kerb.test.Scenarios.HomePageTest@3fee9989]" name="closeApplication" is-config="true" duration-ms="633" started-at="2019-01-17T08:07:00Z" finished-at="2019-01-17T08:07:00Z">
          <params>
            <param index="0">
              <value>
                <![CDATA[[TestResult name=HomeTest status=SUCCESS method=HomePageTest.HomeTest()[pri:0, instance:com.kerb.test.Scenarios.HomePageTest@3fee9989] output={null}]]]>
              </value>
            </param>
          </params>
          <reporter-output>
          </reporter-output>
        </test-method> <!-- closeApplication -->
      </class> <!-- com.kerb.test.Scenarios.HomePageTest -->
    </test> <!-- Test -->
  </suite> <!-- Suite -->
</testng-results>
