<?xml version="1.0" encoding="UTF-8"?>
<!-- Generated by org.testng.reporters.JUnitXMLReporter -->
<testsuite hostname="sa-PC" ignored="0" name="Test" tests="2" failures="0" timestamp="17 Jan 2019 08:07:36 GMT" time="72.027" errors="0">
  <testcase name="HomeTest" time="5.826" classname="com.kerb.test.Scenarios.HomePageTest"/>
  <testcase name="routeToFindSpace_LeaseSpace_Bookings" time="15.554" classname="com.kerb.test.Scenarios.RouteToFindSpace_LeaseSpace_Bookings"/>
</testsuite> <!-- Test -->
