<?xml version="1.0" encoding="UTF-8"?>
<testsuite xmlns:xsi="http://www.w3.org/2001/XMLSchema-instance" xsi:noNamespaceSchemaLocation="https://maven.apache.org/surefire/maven-surefire-plugin/xsd/surefire-test-report-3.0.xsd" version="3.0" name="TestSuite" time="68.648" tests="2" errors="0" skipped="0" failures="0">
  <properties>
[...]
</properties>
  <testcase name="HomeTest" classname="com.kerb.test.Scenarios.HomePageTest" time="6.044"/>
  <testcase name="routeToFindSpace_LeaseSpace_Bookings" classname="com.kerb.test.Scenarios.RouteToFindSpace_LeaseSpace_Bookings" time="15.651"/>
</testsuite>