<?xml version="1.0" encoding="UTF-8"?>
<!-- Generated by org.testng.reporters.JUnitXMLReporter -->
<testsuite hostname="sa-PC" ignored="0" name="Test" tests="2" failures="0" timestamp="17 Jan 2019 08:06:08 GMT" time="68.205" errors="0">
  <testcase name="HomeTest" time="6.042" classname="com.kerb.test.Scenarios.HomePageTest"/>
  <testcase name="routeToFindSpace_LeaseSpace_Bookings" time="15.651" classname="com.kerb.test.Scenarios.RouteToFindSpace_LeaseSpace_Bookings"/>
</testsuite> <!-- Test -->
